[26Dec2023 00:00:34.252] [Server thread/ERROR] [Apotheosis : Adventure/]: Failed to execute LootRule aquamirae:poisoned_blade/apotheosis:ancient/ANCIENT/1.0!
[26Dec2023 00:02:09.683] [Server thread/INFO] [net.minecraft.server.MinecraftServer/]: Markboy124 has made the advancement [Sweet Dreams]
[26Dec2023 00:03:03.876] [Server thread/INFO] [net.minecraft.world.entity.npc.Villager/]: Villager Villager['Buddy'/88, l='ServerLevel[Markhelsia]', x=374.51, y=69.00, z=594.68] died, message: 'Buddy was slain by Don the Rough'
[26Dec2023 00:03:03.877] [Server thread/INFO] [net.minecraft.world.entity.LivingEntity/]: Named entity Villager['Buddy'/88, l='ServerLevel[Markhelsia]', x=374.51, y=69.00, z=594.68] died: Buddy was slain by Don the Rough
[26Dec2023 00:03:12.341] [Server thread/INFO] [net.minecraft.world.entity.npc.Villager/]: Villager Villager['Edith'/101, l='ServerLevel[Markhelsia]', x=353.97, y=64.00, z=539.03] died, message: 'Edith was slain by Don the Rough'
[26Dec2023 00:03:12.342] [Server thread/INFO] [net.minecraft.world.entity.LivingEntity/]: Named entity Villager['Edith'/101, l='ServerLevel[Markhelsia]', x=353.97, y=64.00, z=539.03] died: Edith was slain by Don the Rough
[26Dec2023 00:03:19.511] [Server thread/INFO] [net.minecraft.world.entity.npc.Villager/]: Villager Villager['Lucienne'/54, l='ServerLevel[Markhelsia]', x=369.65, y=65.00, z=535.53] died, message: 'Lucienne was slain by Don the Rough'
[26Dec2023 00:03:19.512] [Server thread/INFO] [net.minecraft.world.entity.LivingEntity/]: Named entity Villager['Lucienne'/54, l='ServerLevel[Markhelsia]', x=369.65, y=65.00, z=535.53] died: Lucienne was slain by Don the Rough
[26Dec2023 00:03:36.566] [Server thread/INFO] [net.minecraft.world.entity.LivingEntity/]: Named entity Guard['Dorine'/8, l='ServerLevel[Markhelsia]', x=354.48, y=64.00, z=556.17] died: Dorine was slain by Don the Rough
[26Dec2023 00:03:50.168] [Server thread/INFO] [net.minecraft.world.entity.LivingEntity/]: Named entity Guard['Berneice'/7, l='ServerLevel[Markhelsia]', x=363.37, y=66.00, z=570.89] died: Berneice was slain by Don the Rough
[26Dec2023 00:06:59.913] [Server thread/INFO] [net.minecraft.server.MinecraftServer/]: Markboy124 was killed by magic whilst trying to escape Don the Rough
[26Dec2023 00:11:15.471] [Server thread/INFO] [net.minecraft.server.MinecraftServer/]: Markboy124 was slain by Don the Rough
[26Dec2023 00:12:39.755] [Server thread/INFO] [net.minecraft.world.entity.npc.Villager/]: Villager Villager['Ofelia'/9, l='ServerLevel[Markhelsia]', x=430.96, y=61.04, z=597.97] died, message: 'Ofelia drowned'
[26Dec2023 00:12:39.756] [Server thread/INFO] [net.minecraft.world.entity.LivingEntity/]: Named entity Villager['Ofelia'/9, l='ServerLevel[Markhelsia]', x=430.96, y=61.04, z=597.97] died: Ofelia drowned
[26Dec2023 00:14:16.403] [Server thread/INFO] [net.minecraft.world.entity.npc.Villager/]: Villager Villager['Chauncey'/16, l='ServerLevel[Markhelsia]', x=432.06, y=61.05, z=598.95] died, message: 'Chauncey drowned'
[26Dec2023 00:14:16.405] [Server thread/INFO] [net.minecraft.world.entity.LivingEntity/]: Named entity Villager['Chauncey'/16, l='ServerLevel[Markhelsia]', x=432.06, y=61.05, z=598.95] died: Chauncey drowned
[26Dec2023 00:15:57.276] [Server thread/INFO] [net.minecraft.server.MinecraftServer/]: Markboy124 has made the advancement [MineColonies]
[26Dec2023 00:19:47.371] [Server thread/INFO] [net.minecraft.server.network.ServerGamePacketListenerImpl/]: Markboy124 lost connection: Disconnected
[26Dec2023 00:19:47.371] [Server thread/INFO] [net.minecraft.server.MinecraftServer/]: Markboy124 left the game
[26Dec2023 00:19:47.375] [Server thread/INFO] [survive/]: Removing Client (Markboy124) From Survive Data Sync List
[26Dec2023 00:20:12.654] [Server thread/INFO] [net.minecraft.server.MinecraftServer/]: Stopping the server
[26Dec2023 00:20:12.701] [Server thread/INFO] [MapFrontiers/]: ServerStoppingEvent done
[26Dec2023 00:20:12.709] [Server thread/INFO] [net.minecraft.server.MinecraftServer/]: Stopping server
[26Dec2023 00:20:12.710] [Server thread/INFO] [net.minecraft.server.MinecraftServer/]: Saving players
[26Dec2023 00:20:12.710] [Server thread/INFO] [net.minecraft.server.MinecraftServer/]: Saving worlds
[26Dec2023 00:20:12.839] [Server thread/INFO] [net.minecraft.server.MinecraftServer/]: Saving chunks for level 'ServerLevel[Markhelsia]'/minecraft:overworld
[26Dec2023 00:20:13.220] [Server thread/INFO] [net.minecraft.server.MinecraftServer/]: Saving chunks for level 'ServerLevel[Markhelsia]'/twilightforest:twilight_forest
[26Dec2023 00:20:13.224] [Server thread/INFO] [net.minecraft.server.MinecraftServer/]: Saving chunks for level 'ServerLevel[Markhelsia]'/minecraft:the_end
[26Dec2023 00:20:13.226] [Server thread/INFO] [net.minecraft.server.MinecraftServer/]: Saving chunks for level 'ServerLevel[Markhelsia]'/undergarden:undergarden
[26Dec2023 00:20:13.229] [Server thread/INFO] [net.minecraft.server.MinecraftServer/]: Saving chunks for level 'ServerLevel[Markhelsia]'/bloodmagic:dungeon
[26Dec2023 00:20:13.232] [Server thread/INFO] [net.minecraft.server.MinecraftServer/]: Saving chunks for level 'ServerLevel[Markhelsia]'/aether:the_aether
[26Dec2023 00:20:13.236] [Server thread/INFO] [net.minecraft.server.MinecraftServer/]: Saving chunks for level 'ServerLevel[Markhelsia]'/deeperdarker:otherside
[26Dec2023 00:20:13.239] [Server thread/INFO] [net.minecraft.server.MinecraftServer/]: Saving chunks for level 'ServerLevel[Markhelsia]'/minecraft:the_nether
[26Dec2023 00:20:13.242] [Server thread/INFO] [net.minecraft.server.MinecraftServer/]: Saving chunks for level 'ServerLevel[Markhelsia]'/graveyard:past
[26Dec2023 00:20:13.249] [Server thread/INFO] [net.minecraft.server.MinecraftServer/]: Saving chunks for level 'ServerLevel[Markhelsia]'/blue_skies:everbright
[26Dec2023 00:20:13.252] [Server thread/INFO] [net.minecraft.server.MinecraftServer/]: Saving chunks for level 'ServerLevel[Markhelsia]'/blue_skies:everdawn
[26Dec2023 00:20:13.495] [Server thread/INFO] [net.minecraft.server.MinecraftServer/]: ThreadedAnvilChunkStorage (Markhelsia): All chunks are saved
[26Dec2023 00:20:13.496] [Server thread/INFO] [net.minecraft.server.MinecraftServer/]: ThreadedAnvilChunkStorage (twilight_forest): All chunks are saved
[26Dec2023 00:20:13.497] [Server thread/INFO] [net.minecraft.server.MinecraftServer/]: ThreadedAnvilChunkStorage (DIM1): All chunks are saved
[26Dec2023 00:20:13.497] [Server thread/INFO] [net.minecraft.server.MinecraftServer/]: ThreadedAnvilChunkStorage (undergarden): All chunks are saved
[26Dec2023 00:20:13.497] [Server thread/INFO] [net.minecraft.server.MinecraftServer/]: ThreadedAnvilChunkStorage (dungeon): All chunks are saved
[26Dec2023 00:20:13.497] [Server thread/INFO] [net.minecraft.server.MinecraftServer/]: ThreadedAnvilChunkStorage (the_aether): All chunks are saved
[26Dec2023 00:20:13.498] [Server thread/INFO] [net.minecraft.server.MinecraftServer/]: ThreadedAnvilChunkStorage (otherside): All chunks are saved
[26Dec2023 00:20:13.498] [Server thread/INFO] [net.minecraft.server.MinecraftServer/]: ThreadedAnvilChunkStorage (DIM-1): All chunks are saved
[26Dec2023 00:20:13.498] [Server thread/INFO] [net.minecraft.server.MinecraftServer/]: ThreadedAnvilChunkStorage (past): All chunks are saved
[26Dec2023 00:20:13.498] [Server thread/INFO] [net.minecraft.server.MinecraftServer/]: ThreadedAnvilChunkStorage (everbright): All chunks are saved
[26Dec2023 00:20:13.498] [Server thread/INFO] [net.minecraft.server.MinecraftServer/]: ThreadedAnvilChunkStorage (everdawn): All chunks are saved
[26Dec2023 00:20:13.499] [Server thread/INFO] [net.minecraft.server.MinecraftServer/]: ThreadedAnvilChunkStorage: All dimensions are saved
[26Dec2023 00:20:13.736] [Server thread/INFO] [FTB Chunks/]: Shutting down map thread
[26Dec2023 00:20:13.737] [Server thread/INFO] [Calio/]: Removing Dynamic Registries for: net.minecraft.server.dedicated.DedicatedServer@4578e004
[26Dec2023 00:20:13.738] [Server thread/INFO] [Framework/]: Unloading server configs...
[26Dec2023 00:20:13.827] [Server thread/INFO] [journeymap/]: Loading JourneyMap Forge Configs
